# JRE version: OpenJDK Runtime Environment (7.0_79-b14) (build 1.7.0_79-b14)
# Java VM: OpenJDK 64-Bit Server VM (24.79-b02 mixed mode linux-amd64 compressed oops)
Heap
 PSYoungGen      total 156672K, used 91148K [0x00000000f5500000, 0x0000000100000000, 0x0000000100000000)
  eden space 137216K, 61% used [0x00000000f5500000,0x00000000fa79c0f0,0x00000000fdb00000)
  from space 19456K, 33% used [0x00000000fed00000,0x00000000ff366f50,0x0000000100000000)
  to   space 18432K, 0% used [0x00000000fdb00000,0x00000000fdb00000,0x00000000fed00000)
 ParOldGen       total 349696K, used 6810K [0x00000000dff80000, 0x00000000f5500000, 0x00000000f5500000)
  object space 349696K, 1% used [0x00000000dff80000,0x00000000e0626a88,0x00000000f5500000)
 PSPermGen       total 39936K, used 39700K [0x00000000cff80000, 0x00000000d2680000, 0x00000000dff80000)
  object space 39936K, 99% used [0x00000000cff80000,0x00000000d2645010,0x00000000d2680000)
GC Heap History (10 events):
Event: 18.582 GC heap before
{Heap before GC invocations=8 (full 0):
 PSYoungGen      total 154624K, used 135538K [0x00000000f5500000, 0x0000000100000000, 0x0000000100000000)
  eden space 134656K, 100% used [0x00000000f5500000,0x00000000fd880000,0x00000000fd880000)
  from space 19968K, 4% used [0x00000000fd880000,0x00000000fd95c9a0,0x00000000fec00000)
  to   space 19968K, 0% used [0x00000000fec80000,0x00000000fec80000,0x0000000100000000)
 ParOldGen       total 349696K, used 6170K [0x00000000dff80000, 0x00000000f5500000, 0x00000000f5500000)
  object space 349696K, 1% used [0x00000000dff80000,0x00000000e0586a68,0x00000000f5500000)
 PSPermGen       total 33280K, used 33218K [0x00000000cff80000, 0x00000000d2000000, 0x00000000dff80000)
  object space 33280K, 99% used [0x00000000cff80000,0x00000000d1ff0a30,0x00000000d2000000)
Event: 18.585 GC heap after
Heap after GC invocations=8 (full 0):
 PSYoungGen      total 155136K, used 608K [0x00000000f5500000, 0x0000000100000000, 0x0000000100000000)
  eden space 135168K, 0% used [0x00000000f5500000,0x00000000f5500000,0x00000000fd900000)
  from space 19968K, 3% used [0x00000000fec80000,0x00000000fed18010,0x0000000100000000)
  to   space 19968K, 0% used [0x00000000fd900000,0x00000000fd900000,0x00000000fec80000)
 ParOldGen       total 349696K, used 6218K [0x00000000dff80000, 0x00000000f5500000, 0x00000000f5500000)
  object space 349696K, 1% used [0x00000000dff80000,0x00000000e0592a78,0x00000000f5500000)
 PSPermGen       total 33280K, used 33218K [0x00000000cff80000, 0x00000000d2000000, 0x00000000dff80000)
  object space 33280K, 99% used [0x00000000cff80000,0x00000000d1ff0a30,0x00000000d2000000)
}
Event: 19.611 GC heap before
{Heap before GC invocations=9 (full 0):
 PSYoungGen      total 155136K, used 135776K [0x00000000f5500000, 0x0000000100000000, 0x0000000100000000)
  eden space 135168K, 100% used [0x00000000f5500000,0x00000000fd900000,0x00000000fd900000)
  from space 19968K, 3% used [0x00000000fec80000,0x00000000fed18010,0x0000000100000000)
  to   space 19968K, 0% used [0x00000000fd900000,0x00000000fd900000,0x00000000fec80000)
 ParOldGen       total 349696K, used 6218K [0x00000000dff80000, 0x00000000f5500000, 0x00000000f5500000)
  object space 349696K, 1% used [0x00000000dff80000,0x00000000e0592a78,0x00000000f5500000)
 PSPermGen       total 33280K, used 33230K [0x00000000cff80000, 0x00000000d2000000, 0x00000000dff80000)
  object space 33280K, 99% used [0x00000000cff80000,0x00000000d1ff3bb8,0x00000000d2000000)
Event: 19.613 GC heap after
Heap after GC invocations=9 (full 0):
 PSYoungGen      total 155136K, used 640K [0x00000000f5500000, 0x0000000100000000, 0x0000000100000000)
  eden space 135168K, 0% used [0x00000000f5500000,0x00000000f5500000,0x00000000fd900000)
  from space 19968K, 3% used [0x00000000fd900000,0x00000000fd9a0010,0x00000000fec80000)
  to   space 19968K, 0% used [0x00000000fec80000,0x00000000fec80000,0x0000000100000000)
 ParOldGen       total 349696K, used 6250K [0x00000000dff80000, 0x00000000f5500000, 0x00000000f5500000)
  object space 349696K, 1% used [0x00000000dff80000,0x00000000e059aa78,0x00000000f5500000)
 PSPermGen       total 33280K, used 33230K [0x00000000cff80000, 0x00000000d2000000, 0x00000000dff80000)
  object space 33280K, 99% used [0x00000000cff80000,0x00000000d1ff3bb8,0x00000000d2000000)
}
Event: 20.563 GC heap before
{Heap before GC invocations=10 (full 0):
 PSYoungGen      total 155136K, used 135808K [0x00000000f5500000, 0x0000000100000000, 0x0000000100000000)
  eden space 135168K, 100% used [0x00000000f5500000,0x00000000fd900000,0x00000000fd900000)
  from space 19968K, 3% used [0x00000000fd900000,0x00000000fd9a0010,0x00000000fec80000)
  to   space 19968K, 0% used [0x00000000fec80000,0x00000000fec80000,0x0000000100000000)
 ParOldGen       total 349696K, used 6250K [0x00000000dff80000, 0x00000000f5500000, 0x00000000f5500000)
  object space 349696K, 1% used [0x00000000dff80000,0x00000000e059aa78,0x00000000f5500000)
 PSPermGen       total 33280K, used 33238K [0x00000000cff80000, 0x00000000d2000000, 0x00000000dff80000)
  object space 33280K, 99% used [0x00000000cff80000,0x00000000d1ff5830,0x00000000d2000000)
Event: 20.570 GC heap after
Heap after GC invocations=10 (full 0):
 PSYoungGen      total 155648K, used 192K [0x00000000f5500000, 0x0000000100000000, 0x0000000100000000)
  eden space 135680K, 0% used [0x00000000f5500000,0x00000000f5500000,0x00000000fd980000)
  from space 19968K, 0% used [0x00000000fec80000,0x00000000fecb0000,0x0000000100000000)
  to   space 19456K, 0% used [0x00000000fd980000,0x00000000fd980000,0x00000000fec80000)
 ParOldGen       total 349696K, used 6738K [0x00000000dff80000, 0x00000000f5500000, 0x00000000f5500000)
  object space 349696K, 1% used [0x00000000dff80000,0x00000000e0614a88,0x00000000f5500000)
 PSPermGen       total 33280K, used 33238K [0x00000000cff80000, 0x00000000d2000000, 0x00000000dff80000)
  object space 33280K, 99% used [0x00000000cff80000,0x00000000d1ff5830,0x00000000d2000000)
}
Event: 21.332 GC heap before
{Heap before GC invocations=11 (full 0):
 PSYoungGen      total 155648K, used 135872K [0x00000000f5500000, 0x0000000100000000, 0x0000000100000000)
  eden space 135680K, 100% used [0x00000000f5500000,0x00000000fd980000,0x00000000fd980000)
  from space 19968K, 0% used [0x00000000fec80000,0x00000000fecb0000,0x0000000100000000)
  to   space 19456K, 0% used [0x00000000fd980000,0x00000000fd980000,0x00000000fec80000)
 ParOldGen       total 349696K, used 6738K [0x00000000dff80000, 0x00000000f5500000, 0x00000000f5500000)
  object space 349696K, 1% used [0x00000000dff80000,0x00000000e0614a88,0x00000000f5500000)
 PSPermGen       total 33280K, used 33250K [0x00000000cff80000, 0x00000000d2000000, 0x00000000dff80000)
  object space 33280K, 99% used [0x00000000cff80000,0x00000000d1ff8b18,0x00000000d2000000)
Event: 21.333 GC heap after
Heap after GC invocations=11 (full 0):
 PSYoungGen      total 155136K, used 160K [0x00000000f5500000, 0x0000000100000000, 0x0000000100000000)
  eden space 135680K, 0% used [0x00000000f5500000,0x00000000f5500000,0x00000000fd980000)
  from space 19456K, 0% used [0x00000000fd980000,0x00000000fd9a8000,0x00000000fec80000)
  to   space 19456K, 0% used [0x00000000fed00000,0x00000000fed00000,0x0000000100000000)
 ParOldGen       total 349696K, used 6778K [0x00000000dff80000, 0x00000000f5500000, 0x00000000f5500000)
  object space 349696K, 1% used [0x00000000dff80000,0x00000000e061ea88,0x00000000f5500000)
 PSPermGen       total 33280K, used 33250K [0x00000000cff80000, 0x00000000d2000000, 0x00000000dff80000)
  object space 33280K, 99% used [0x00000000cff80000,0x00000000d1ff8b18,0x00000000d2000000)
}
Event: 633.750 GC heap before
{Heap before GC invocations=12 (full 0):
 PSYoungGen      total 155136K, used 135840K [0x00000000f5500000, 0x0000000100000000, 0x0000000100000000)
  eden space 135680K, 100% used [0x00000000f5500000,0x00000000fd980000,0x00000000fd980000)
  from space 19456K, 0% used [0x00000000fd980000,0x00000000fd9a8000,0x00000000fec80000)
  to   space 19456K, 0% used [0x00000000fed00000,0x00000000fed00000,0x0000000100000000)
 ParOldGen       total 349696K, used 6778K [0x00000000dff80000, 0x00000000f5500000, 0x00000000f5500000)
  object space 349696K, 1% used [0x00000000dff80000,0x00000000e061ea88,0x00000000f5500000)
 PSPermGen       total 39936K, used 39594K [0x00000000cff80000, 0x00000000d2680000, 0x00000000dff80000)
  object space 39936K, 99% used [0x00000000cff80000,0x00000000d262a838,0x00000000d2680000)
Event: 633.759 GC heap after
Heap after GC invocations=12 (full 0):
 PSYoungGen      total 156672K, used 6555K [0x00000000f5500000, 0x0000000100000000, 0x0000000100000000)
  eden space 137216K, 0% used [0x00000000f5500000,0x00000000f5500000,0x00000000fdb00000)
  from space 19456K, 33% used [0x00000000fed00000,0x00000000ff366f50,0x0000000100000000)
  to   space 18432K, 0% used [0x00000000fdb00000,0x00000000fdb00000,0x00000000fed00000)
 ParOldGen       total 349696K, used 6810K [0x00000000dff80000, 0x00000000f5500000, 0x00000000f5500000)
  object space 349696K, 1% used [0x00000000dff80000,0x00000000e0626a88,0x00000000f5500000)
 PSPermGen       total 39936K, used 39594K [0x00000000cff80000, 0x00000000d2680000, 0x00000000dff80000)
  object space 39936K, 99% used [0x00000000cff80000,0x00000000d262a838,0x00000000d2680000)
}

